<?xml version="1.0" encoding="utf-8"?><testsuite errors="0" failures="0" name="pytest" skips="0" tests="3" time="26.541"><testcase classname="test_Log_in_Wrong_Login_Pin.Untitled" name="test_untitled" time="8.98125696182"/><testcase classname="test_Log_in_successful.Untitled" name="test_Log_in_successful" time="9.97516608238"/><testcase classname="test_Login_Error_all_inputs_empty.Untitled" name="test_all_inputs_empty" time="7.45519590378"/></testsuite>